Process GUID 1C2D3F54-2711-5C7B-0000-001073D72500
ProcessGuid[:\s]+\{([\w\-]+)\}
<13>Mar 03 01:00:03 WIN7VM1-PC AgentDevice=WindowsLog	AgentLogFile=Microsoft-Windows-Sysmon/Operational	PluginVersion=7.2.8.145	Source=Microsoft-Windows-Sysmon	Computer=Win7VM1-PC	OriginatingComputer=Win7VM1-PC	User=SYSTEM	Domain=NT AUTHORITY	EventID=7	EventIDCode=7	EventType=4	EventCategory=7	RecordNumber=94464	TimeGenerated=1551574803	TimeWritten=1551574803	Level=Informational	Keywords=0x8000000000000000	Task=SysmonTask-SYSMON_IMAGE_LOAD	Opcode=Info	Message=Image loaded: RuleName:  UtcTime: 2019-03-03 01:00:03.021 ProcessGuid: {1C2D3F54-2711-5C7B-0000-001073D72500} ProcessId: 3972 Image: C:\Windows\System32\sdiagnhost.exe ImageLoaded: C:\Windows\assembly\NativeImages_v2.0.50727_32\Microsoft.PowerShel#\583c7b9f52114c026088bdb9f19f64e8\Microsoft.PowerShell.Commands.Management.ni.dll FileVersion: 6.1.7601.17514 Description: Microsoft Windows PowerShell Management Commands Product: Microsoft (R) Windows (R) Operating System Company: Microsoft Corporation Hashes: SHA1=F43E4D843EE839A0619453D4299D09D9F45FD036,MD5=CEA8CDC92DE4ACCB3DA4860B9C6BB41E,SHA256=76BAB02BBEB171C4B789A0A6F6D2B2FBE832773D7A9F3C61198E137DF11400AA,IMPHASH=00000000000000000000000000000000 Signed: false Signature:  SignatureStatus: Unavailable

Process ID 1740
ProcessId\:\s(\d+)
<13>Mar 03 02:46:15 WIN7VM1-PC AgentDevice=WindowsLog\011AgentLogFile=Microsoft-Windows-Sysmon/Operational\011PluginVersion=7.2.8.145\011Source=Microsoft-Windows-Sysmon\011Computer=Win7VM1-PC\011OriginatingComputer=Win7VM1-PC\011User=SYSTEM\011Domain=NT AUTHORITY\011EventID=18\011EventIDCode=18\011EventType=4\011EventCategory=18\011RecordNumber=94590\011TimeGenerated=1551581171\011TimeWritten=1551581171\011Level=Informational\011Keywords=0x8000000000000000\011Task=SysmonTask-SYSMON_CONNECT_NAMEDPIPE\011Opcode=Info\011Message=Pipe Connected: RuleName:  UtcTime: 2019-03-03 02:46:11.849 ProcessGuid: {1C2D3F54-3FE7-5C7B-0000-0010E9ED2E00} ProcessId: 1740 PipeName: \\wkssvc Image: C:\\Program Files\\Google\\Update\\GoogleUpdate.exe

Process Name iexplore.exe
cs\dLabel=Process Name\scs\d=([^\t\^]+)
Nov  1 14:25:35 fireeyehx1.XYZ.com Nov  1 14:25:35 fireeyeXXYY cef[620]: CEF:0|fireeye|hx|3.1.3|ExD Hit Found|ExD Hit Found|10|rt=Nov 01 2016 18:25:35 UTC dvchost=examplehost categoryDeviceGroup=/IDS categoryDeviceType=Forensic Investigation categoryObject=/Host cs1Label=Host Agent Cert Hash cs1=SSSSSSSSSSSSSSSSSSSSSS dst=192.0.2.207 dmac=FF:FF:FF:00:00:FF dhost=examplehost dntdom=XYZ deviceCustomDate1Label=Agent Last Audit deviceCustomDate1=Nov 01 2016 18:25:28 UTC cs2Label=FireEye Agent Version cs2=21.33.3 cs5Label=Target GMT Offset cs5=-PT4H cs6Label=Target OS cs6=Windows 7 Enterprise 7601 Service Pack 1 externalId=88888 start=Nov 01 2016 18:24:11 UTC categoryOutcome=/Success categorySignificance=/Compromise categoryBehavior=/Execute categoryTechnique=Exploit act=Detection ExD Hit msg=Host examplehot ExD compromise alert categoryTupleDescription=ExD found a compromise indication. cs4Label=Process Name cs4=iexplore.exe

Process Path C:\Windows\System32\svchost.exe
Image:\s+(.*?)\s+FileVersion:
<13>Feb 21 15:03:06 EC2AMAZ-P3A6MJA AgentDevice=WindowsLog	AgentLogFile=Microsoft-Windows-Sysmon/Operational	PluginVersion=WC.MSEVEN6.10.0.0.115	Source=Microsoft-Windows-Sysmon	Computer=EC2AMAZ-P3A6MJA	OriginatingComputer=EC2AMAZ-P3A6MJA	User=SYSTEM	Domain=NT AUTHORITY	EventID=1	EventIDCode=1	EventType=4	EventCategory=1	RecordNumber=8825	TimeGenerated=1582311765	TimeWritten=1582311765	Level=Informational	Keywords=0	Task=SysmonTask-SYSMON_CREATE_PROCESS	Opcode=Start	Message=Process Create: RuleName:  UtcTime: 2020-02-21 19:02:45.686 ProcessGuid: {73bfaa7d-2955-5e50-0000-0010600b490d} ProcessId: 6288 Image: C:\Windows\System32\svchost.exe FileVersion: 10.0.17763.1 (WinBuild.160101.0800) Description: Host Process for Windows Services Product: Microsoft® Windows® Operating System Company: Microsoft Corporation OriginalFileName: svchost.exe CommandLine: C:\Windows\System32\svchost.exe -k netsvcs -p -s NetSetupSvc CurrentDirectory: C:\Windows\system32\ User: NT AUTHORITY\SYSTEM LogonGuid: {73bfaa7d-bc55-5e3a-0000-0020e7030000} LogonId: 0x3E7 TerminalSessionId: 0 IntegrityLevel: System Hashes: MD5=8A0A29438052FAED8A2532DA50455756,SHA256=7FD065BAC18C5278777AE44908101CDFED72D26FA741367F0AD4D02020787AB6,IMPHASH=247B9220E5D9B720A82B2C8B5069AD69 ParentProcessGuid: {73bfaa7d-bc54-5e3a-0000-00102c700000} ParentProcessId: 844 ParentImage: C:\Windows\System32\services.exe ParentCommandLine: C:\Windows\system32\services.exe

Public IP Name vm1-ip
"scope":"[^"]*\/publicIPAddresses\/([^"]*)"
{"eventHubsAzureRecord": {"time":"2019-05-28T18:08:04.6525137Z","resourceId":"/SUBSCRIPTIONS/B45CF7C3-A1A8-49AF-94CF-772743A12DFE/RESOURCEGROUPS/SWAT/PROVIDERS/MICROSOFT.NETWORK/PUBLICIPADDRESSES/VM1-IP","operationName":"MICROSOFT.NETWORK/PUBLICIPADDRESSES/DELETE","category":"Delete","resultType":"Start","resultSignature":"Started.","durationMs":0,"callerIpAddress":"172.17.18.19","correlationId":"1418eeb9-cbc5-45f5-b15b-31abf85aa46f","identity":{"authorization":{"scope":"/subscriptions/b45cf7c3-a1a8-49af-94cf-772743a12dfe/resourceGroups/swat/providers/Microsoft.Network/publicIPAddresses/vm1-ip","action":"Microsoft.Network/publicIPAddresses/delete","evidence":{"role":"Subscription Admin"}},"claims":{"aud":"https://management.core.windows.net/","iss":"https://sts.windows.net/fcf67057-50c9-4ad4-98f3-ffca64add9e9/","iat":"1559066153","nbf":"1559066153","exp":"1559070053","http://schemas.microsoft.com/claims/authnclassreference":"1","aio":"42ZgYOCQiz9r6Okq9ZDpok0N543DzM+LV7i8F2O4+zw3xa/7ciAA","appid":"c44b4083-3bb0-49c1-b47d-974e53cbdf3c","appidacr":"2","http://schemas.xmlsoap.org/ws/2005/05/identity/claims/surname":"user","http://schemas.xmlsoap.org/ws/2005/05/identity/claims/givenname":"root","groups":"7a5b124f-bbea-4220-bedd-07dcef96037e,5ecb2020-aed2-49ab-b579-505ffe2a613b,bc310751-31a9-47a5-8ed5-d25a5f96688a,0388985f-c482-4021-acf2-47650d58d1a8,c1c90942-e3a1-4589-827e-94310acb02ec,71ed0b2c-2e51-4d88-a8ce-a5026d08b7d5","ipaddr":"10.13.23.19","name":"admin","http://schemas.microsoft.com/identity/claims/objectidentifier":"9b813eaf-0e40-4ebe-b7b5-0f5d2ed724b4","puid":"1003000099C6D348","http://schemas.microsoft.com/identity/claims/scope":"user_impersonation","http://schemas.xmlsoap.org/ws/2005/05/identity/claims/nameidentifier":"4ty7Q4uQNoLLYicbSxC2tUSQsd5rncoo5FTzi3b8474","http://schemas.microsoft.com/identity/claims/tenantid":"fcf67057-50c9-4ad4-98f3-ffca64add9e9","http://schemas.xmlsoap.org/ws/2005/05/identity/claims/name":"admin@sample.com","http://schemas.xmlsoap.org/ws/2005/05/identity/claims/upn":"admin@sample.com","uti":"QIEPxzFq_EGsycfAAipoAA","ver":"1.0"}},"level":"Information","location":"global"}}

Referrer URL -
cs\(Referer\)=([^\|]*?)\|
Bluecoat|src=10.0.0.15|srcport=3147|dst=192.168.1.1|dstport=80|username=user1|devicetime=[20/07/2018:10:00:00 GMT]|s-action=TCP_NC_MISS|sc-status=200|cs-method=GET|time-taken=16|sc-bytes=440|cs-bytes=1100|cs-uri-scheme=http|cs-host=www.example.com|cs-uri-path=/example.gif|cs-uri-query=-|cs-uri-extension=gif|rs(Content-Type)=image/gif|cs(User-Agent)=Mozilla/5.0|cs(Referer)=-|sc-filter-result=OBSERVED|filter-category=Web_Ads/Analytics|cs-uri=http://www.example.com/example.gif


Region ap-southeast-2
awsRegion=(.*?)\t
LEEF:1.0|Amazon|AWS CloudTrail|1.03|DescribeVpcEndpointServices|userIdentity.sessionContext.attributes.creationDate=2015-10-09T05:10:15Z userIdentity.sessionContext.attributes.mfaAuthenticated=false	userIdentity.accountId=000000000000	userIdentity.principalId=AAAAAAAAAAAAAAAAAAAAA	userIdentity.accessKeyId=ASSSSSSSSSSSSSSSSSSS usrName=sampleuser	userIdentity.arn=arn:aws:iam::027193994411:user/sampleuser	userIdentity.type=IAMUser	userIdentity.invokedBy=AWS Internal	userAgent=AWS Internal	eventType=AwsApiCall	awsRegion=ap-southeast-2	requestParameters=null	eventSource=ec2.amazonaws.example.com	eventID=aaaaaaaa-1111-1111-1111-6d9449ff779c	requestID=bbbbbbbb-1c43-44f0-b55f-444444444444	src=AWS Internal	responseElements=null devTime=2015-10-09 05:10:16	devTimeFormat=yyyy-MM-dd HH:mm:ss	recipientAccountId=000000000000


Registry Key  \CLSID\{00000000-0000-0000-891F-00AA004B2E24}
Object Name:\s*\\REGISTRY\\MACHINE\\SOFTWARE\\Classes\\WOW6432Node(\\.*?)\s*Object Value Name:
<13>Feb 05 12:23:00 MACHINEB AgentDevice=WindowsLog	AgentLogFile=Security	PluginVersion=7.2.8.145	Source=Microsoft-Windows-Security-Auditing	Computer=MachineB	OriginatingComputer=MachineB	User=	Domain=	EventID=4657	EventIDCode=4657	EventType=8	EventCategory=12801	RecordNumber=2741	TimeGenerated=1549369376	TimeWritten=1549369376	Level=Log Always	Keywords=Audit Success	Task=SE_ADT_OBJECTACCESS_REGISTRY	Opcode=Info	Message=A registry value was modified.  Subject:  Security ID:  MACHINEB\user1  Account Name:  user1  Account Domain:  MACHINEB  Logon ID:  0x367ca  Object:  Object Name:  \REGISTRY\MACHINE\SOFTWARE\Classes\WOW6432Node\CLSID\{00000000-0000-0000-891F-00AA004B2E24}  Object Value Name:   Handle ID:  0x100  Operation Type:  New registry value created  Process Information:  Process ID:  0x94c  Process Name:  C:\Windows\regedit.exe  Change Information:  Old Value Type:  -  Old Value:  -  New Value Type:  REG_SZ  New Value:  qffewefew

Registry Value Data C:\Windows\system32\calc.exe
Details:\s*(.*)
<13>Feb 24 18:32:15 WIN7 AgentDevice=WindowsLog	AgentLogFile=Microsoft-Windows-Sysmon/Operational	PluginVersion=7.2.6.41	Source=Microsoft-Windows-Sysmon	Computer=Win7	OriginatingComputer=Win7	User=SYSTEM	Domain=NT AUTHORITY	EventID=13	EventIDCode=13	EventType=4	EventCategory=4	RecordNumber=13178	TimeGenerated=1519493521	TimeWritten=1519493521	Level=Informational	Keywords=0x8000000000000000	Task=SysmonTask-SYSMON_REG_SETVALUE	Opcode=Info	Message=Registry value set: EventType: SetValue UtcTime: 2018-02-24 17:32:01.190 ProcessGuid: {93B7DDA7-A191-5A91-0000-0010EB7E1000} ProcessId: 1268 Image: C:\Windows\system32\reg.exe TargetObject: HKLM\SOFTWARE\Microsoft\Windows\CurrentVersion\Run\calc Details: C:\Windows\system32\calc.exe

Reject_Code 550
reject:.*\[[0-9.:]+\]:\s([0-9]+)
<22>Jul 29 22:25:58 10.0.20.16 postfix/smtpd[16089]: NOQUEUE: reject: RCPT from unknown[192.0.2.154]: 550 5.7.1 <187-50-25-154.customer.sample.net.br>: Recipient address rejected: User unknown in virtual mailbox table; from=<voicemailandfax@sample.co.uk> to=<admin.made@sample.com> proto=ESMTP helo=<192-0-2-154.customer.sample.net.br>

Resource ID d9298af4-d27f-4c2e-a5a0-79537d17f674
resourceId=([^\t]+)
<13>Dec 20 12:30:49 microsoft.azure.test LEEF:1.0|Microsoft|Azure Resource Manager|1|microsoft.security/tasks/write|devTime=Dec 20 2018 12:30:49	devTimeFormat=MMM dd yyyy HH:mm:ss	cat=qradar	sev=4	usrName=qradar	ipaddr=qradar	channels=Operation	eventName=New Recommendation	category=Recommendation	src=qradar	resourceGroupName=qradar	resourceId=/subscriptions/d9298af4-d27f-4c2e-a5a0-79537d17f674	resourceType=qradar	operationId=8bcd5228-172a-4a66-883d-8b65be306e99	statusCode=qradar	status=Succeeded	subStatus=qradar	eventTimestamp=12/20/2018 12:30:19 PM	submissionTimestamp=12/20/2018 12:30:19 PM	subscriptionId=d9298af4-d27f-4c2e-a5a0-79537d17f674	tenantId=qradar

SHA1 6CBCE4A295C163791B60FC23D285E6D84F28EE4C
SHA1=(\w+)
<13>Jun 09 12:44:43 MyComputer AgentDevice=WindowsLog	AgentLogFile=Microsoft-Windows-Sysmon/Operational	PluginVersion=WC.MSEVEN6.10.0.1.52	Source=Microsoft-Windows-Sysmon	Computer=MyComputer	OriginatingComputer=MyComputer	User=SYSTEM	Domain=NT AUTHORITY	EventID=1	EventIDCode=1	EventType=4	EventCategory=1	RecordNumber=8285486843	TimeGenerated=1591717474	TimeWritten=1591717474	Level=Informational	Keywords=0	Task=SysmonTask-SYSMON_CREATE_PROCESS	Opcode=Start	Message=Process Create: RuleName: - UtcTime: 2020-06-09 15:44:34.696 ProcessGuid: {81fa1b0d-ae62-5edf-5a0e-000000002b00} ProcessId: 14932 Image: C:\Windows\System32\WindowsPowerShell\v1.0\powershell.exe FileVersion: 10.0.17763.1 (WinBuild.160101.0800) Description: Windows PowerShell Product: Microsoft® Windows® Operating System Company: Microsoft Corporation OriginalFileName: PowerShell.EXE CommandLine: "C:\Windows\System32\WindowsPowerShell\v1.0\powershell.exe" -noninteractive -command gci C:\ CurrentDirectory: C:\Users\administrator.PAIN\Documents\ User: PAIN\user1 LogonGuid: {0000000101-1001-1000-0001-100000000000} LogonId: 0x10000001 TerminalSessionId: 0 IntegrityLevel: High Hashes: SHA1=6CBCE4A295C163791B60FC23D285E6D84F28EE4C ParentProcessGuid: {81fa1b0d-ae62-5edf-590e-000000002b00} ParentProcessId: 17040 ParentImage: C:\Windows\System32\wsmprovhost.exe ParentCommandLine: C:\Windows\system32\wsmprovhost.exe -Embedding

SHA256 048C2FFE78DF7DCB1FD037AF81CB336369406B864E3EDEE1028AC047A5A9D070
SHA256=(\w*)
<13>Mar 24 23:58:44 WIN7VM1-PC AgentDevice=WindowsLog	AgentLogFile=Microsoft-Windows-Sysmon/Operational	PluginVersion=7.2.8.145	Source=Microsoft-Windows-Sysmon	Computer=Win7VM1-PC	OriginatingComputer=Win7VM1-PC	User=SYSTEM	Domain=NT AUTHORITY	EventID=15	EventIDCode=15	EventType=4	EventCategory=15	RecordNumber=79550	TimeGenerated=1553471922	TimeWritten=1553471922	Level=Informational	Keywords=0x8000000000000000	Task=SysmonTask-SYSMON_FILE_CREATE_STREAM_HASH	Opcode=Info	Message=File stream created: RuleName:  UtcTime: 2019-03-24 23:58:41.526 ProcessGuid: {1C2D3F54-197D-5C98-0000-001064000700} ProcessId: 3780 Image: C:\Program Files\Google\Chrome\Application\chrome.exe TargetFilename: C:\Users\tiger\Downloads\ApplicationCompatibilityToolkitSetup.exe CreationUtcTime: 2019-03-24 23:58:33.709 Hash: SHA1=51075D12C2685FFA92C4E5AF8AA58AA4063A8611,MD5=50AF5F196AB7C5E472672DFDDA346E58,SHA256=048C2FFE78DF7DCB1FD037AF81CB336369406B864E3EDEE1028AC047A5A9D070,IMPHASH=522326AB5E85CCEE9A1A42D7026FA750

SSH Process ID 6088
<86>Oct  3 17:01:50 mylinux sshd[6088]: pam_unix(sshd:session): session closed for user tonyhsu

Shared Path C:\Data
Share Path[\:\s]*(.*?)\s+Access Request Information:
<13>Oct 06 12:28:46 microsoft.windows.test.com AgentDevice=WindowsLog AgentLogFile=Security Source=Microsoft-Windows-Security-Auditing Computer=EXAMPLECOM.exampledom.test User= Domain= EventID=5140 EventIDCode=5140 EventType=8 EventCategory=12808 RecordNumber=935620500 TimeGenerated=1317922123 TimeWritten=1317922123 Message=A network share object was accessed. Subject: Security ID: 00000000000000 Account Name: USER$1 Account Domain: DOMAIN1 Logon ID: 0x00000000 Network Information: Object Type: File Source Address: 192.168.5.10 Source Port: 10 Share Information: Share Name: \\*\Data Share Path: C:\Data Access Request Information: Access Mask: 0x1 Accesses: %_4416


Signature Microsoft Windows
Signature[:\s]+(.*?)\s+SignatureStatus
<13>Aug 02 06:37:30 WIN7 AgentDevice=WindowsLog	AgentLogFile=Microsoft-Windows-Sysmon/Operational	PluginVersion=7.2.6.41	Source=Microsoft-Windows-Sysmon	Computer=WIN7	OriginatingComputer=WIN7	User=SYSTEM	Domain=NT AUTHORITY	EventID=7	EventIDCode=7	EventType=4	EventCategory=4	RecordNumber=3101	TimeGenerated=1501673834	TimeWritten=1501673834	Level=Informational	Keywords=0x8000000000000000	Task=SysmonTask-SYSMON_IMAGE_LOAD	Opcode=Info	Message=Image loaded: UtcTime: 2017-08-02 11:37:14.237 ProcessGuid: {D52E5ECB-B969-5981-0000-00106E463F00} ProcessId: 3776 Image: C:\Windows\System32\calc.exe ImageLoaded: C:\Windows\System32\slui.exe Hashes: SHA1=E7AB97F2AF8DE7BBED418E599D05C78C9B28DC8F,MD5=D861EB4D6719D6738270E6A376B87F18,SHA256=CB6FAAF9FFBC91A4F306A95D4472EE23715C91B06CE59394D6A5C23A4F4B9476,IMPHASH=B54B63A98C9E12C1902D75D180ABBF38 Signed: true Signature: Microsoft Windows SignatureStatus: Valid


Start Address 0x779BF4C0
StartAddress\:\s(\w*)
<13>Mar 03 00:00:03 WIN7VM1-PC AgentDevice=WindowsLog	AgentLogFile=Microsoft-Windows-Sysmon/Operational	PluginVersion=7.2.8.145	Source=Microsoft-Windows-Sysmon	Computer=Win7VM1-PC	OriginatingComputer=Win7VM1-PC	User=SYSTEM	Domain=NT AUTHORITY	EventID=8	EventIDCode=8	EventType=4	EventCategory=8	RecordNumber=88677	TimeGenerated=1551571201	TimeWritten=1551571201	Level=Informational	Keywords=0x8000000000000000	Task=SysmonTask-SYSMON_CREATE_REMOTE_THREAD	Opcode=Info	Message=CreateRemoteThread detected: RuleName:  UtcTime: 2019-03-03 00:00:01.021 SourceProcessGuid: {1C2D3F54-1900-5C7B-0000-001094842000} SourceProcessId: 3556 SourceImage: C:\Windows\System32\rundll32.exe TargetProcessGuid: {1C2D3F54-AF18-5C7A-0000-0010F3D20000} TargetProcessId: 940 TargetImage: C:\Windows\System32\svchost.exe NewThreadId: 3272 StartAddress: 0x779BF4C0 StartModule: C:\Windows\SYSTEM32\ntdll.dll StartFunction: EtwpNotificationThread

Status Code 0x00
Failure Code\s?:\s+?(0[xX][0-9a-fA-F]+)
<13>Aug 08 16:12:22 10.35.38.104 AgentDevice=WindowsLog    AgentLogFile=Security    Source=Microsoft-Windows-Security-Auditing    Computer=ADFSWin2K12.proServ.idmCorp.com    User=    Domain=    EventID=4769    EventIDCode=4769    EventType=8    EventCategory=14337    RecordNumber=67636883    TimeGenerated=1502189001752    TimeWritten=1502189001752    Message=A Kerberos service ticket was requested.    Account Information:   Account Name:  ADFSWIN2K12$@PROSERV.IDMCORP.COM   Account Domain:  PROSERV.IDMCORP.COM   Logon GUID:  5ed27961-3361-a98-2c19-65e616f92d00    Service Information:   Service Name:  ADFSWIN2K12$   Service ID:  S-1-5-21-4031349556-752937639-2965906226-1001    Network Information:   Client Address:  ::1   Client Port:  0    Additional Information:   Ticket Options:  0x40810000   Ticket Encryption Type: 0x12   Failure Code:  0x0 Transited Services: -    This event is generated every time access is requested to a resource such as a computer or a Windows service.  The service name indicates the resource to which access was requested.    This event can be correlated with Windows logon events by comparing the Logon GUID fields in each event.  The logon event occurs on the machine that was accessed, which is often a different machine than the domain controller which issued the service ticket.    Ticket options, encryption types, and failure codes are defined in RFC 4120.

Subscription ID d9298af4-d27f-4c2e-a5a0-79537d17f674
subscriptionId=([^\t]+)
<13>Dec 20 12:30:49 microsoft.azure.test LEEF:1.0|Microsoft|Azure Resource Manager|1|microsoft.security/tasks/write|devTime=Dec 20 2018 12:30:49	devTimeFormat=MMM dd yyyy HH:mm:ss	cat=qradar	sev=4	usrName=qradar	ipaddr=qradar	channels=Operation	eventName=New Recommendation	category=Recommendation	src=qradar	resourceGroupName=qradar	resourceId=/subscriptions/d9298af4-d27f-4c2e-a5a0-79537d17f674	resourceType=qradar	operationId=8bcd5228-172a-4a66-883d-8b65be306e99	statusCode=qradar	status=Succeeded	subStatus=qradar	eventTimestamp=12/20/2018 12:30:19 PM	submissionTimestamp=12/20/2018 12:30:19 PM	subscriptionId=d9298af4-d27f-4c2e-a5a0-79537d17f674	tenantId=qradar

Target Account Security ID domain\user2
Account That Was Locked Out[:\s]*Security ID[:\s\\=]+(.*?)\s+(?:Account Name|&&)
AgentDevice=WindowsLog    AgentLogFile=Security    PluginVersion=7.2    Source=Security    Computer=computer1    OriginatingComputer=computer    User=user    Domain=domain    EventID=4740    EventIDCode=4740    EventType=8    EventCategory=7    RecordNumber=11111    TimeGenerated=111111    TimeWritten=111111    Level=0    Keywords=0    Task=0    Opcode=0    Message=User Account locked: Subject: Security ID: NT AUTHORITY\SYSTEM Account Name: user1 Account Domain: domain Logon ID: 0x000 Account That Was Locked Out: Security ID: domain\user2 Account Name: user2 Additional Information: Caller Computer Name: computer1

Target User Domai domain
New Domain[\:\\\=\s]+([^\s]+)
New Account Name: user2   New Domain: domain   New Account ID: domain\user2   Caller User Name: user1   Caller Domain: domain   Caller Logon ID: (0x0,0x000)   Privileges  -  Attributes:

Task Name newTask22 
Object Type:\s*File\s*Object Name:\s*.\:\\Windows\\System32\\Tasks\\(.*?)\s*Handle ID:
<13>Jun 19 04:28:25 IE8WIN7 AgentDevice=WindowsLog	AgentLogFile=Security	PluginVersion=7.2.7.20	Source=Microsoft-Windows-Security-Auditing	Computer=IE8WIN7	OriginatingComputer=IE8WIN7	User=	Domain=	EventID=4663	EventIDCode=4663	EventType=8	EventCategory=0	RecordNumber=4730	TimeGenerated=1529407702	TimeWritten=1529407702	Level=Log Always	Keywords=Audit Success	Task=SE_ADT_OBJECTACCESS_FILESYSTEM	Opcode=Info	Message=An attempt was made to access an object.  Subject:  Security ID:  IE8WIN7\IEUser  Account Name:  IEUser  Account Domain:  IE8WIN7  Logon ID:  0x14bb1  Object:  Object Server: Security  Object Type: File  Object Name: C:\Windows\System32\Tasks\newTask22  Handle ID: 0xe20  Process Information:  Process ID: 0x370  Process Name: C:\Windows\System32\svchost.exe  Access Request Information:  Accesses: WriteData (or AddFile)     AppendData (or AddSubdirectory or CreatePipeInstance)       Access Mask: 0x6

Threat Name VAN_BACKDOOR.UMXX
emailThreats=([^\s]+)
LEEF:1.0|Trend Micro|Deep Discovery Email Inspector|0000|URL_DETECTION|sev=4	deviceGUID=ffffffff-ffff-ffff-ffff-ffffffffffff	msgUuid=00000000-0000-0000-0000-000000000000	mailMsgSubject=Sample Subject	src=192.0.2.0	emailSeverity=8	msgSize=397113	dvchost=sampleurl.com	dvc=192.0.2.255	emailThreatType=8	duser=sample@user.com	url=http://example.com/test/sample.html	act=passed	devTime=Apr13 2015 15:45:58 GMT+00:00	suser=user@test.com	dvcmac=FF:FF:FF:FF:00:00	devTimeFormat=MMMdd yyyy HH:mm:ss z	messageId=<20150413072949.ffffffffffff@sampleurl.com>	emailThreats=VAN_BACKDOOR.UMXX

URL msn.foxsports.com
(http|ftp|tcp|https|ssl)\s+([^\s]+)
“[27/Mar/2<182>Jan 31 21:18:04 192.168.10.224 "[11/Jan/2016:02:47:49 -0500]" 2 192.168.0.136 lance.springwell - - OBSERVED "Malicious Outbound Data/Botnets" http://donald-trump.ru 304 TCP_HIT GET image/gif http donald-trump.ru 80 /ajax/search.php - php "Mozilla/4.0 (compatible; MSIE 6.0; Windows NT 5.1; SV1; .NET CLR 2.0.50727; MS-RTC LM 8; InfoPath.2)" 47.188.76.90 308 726 -
009:02:48:29 -0500]” 1 bluecoat.proxysg.test.com WHIRLEWM - - OBSERVED "Sports/Recreation" - 304 TCP_HIT GET image/png http msn.foxsports.com 80 /fe/img/Misc/Tables/dataTrHdr1.png - png “Mozilla/4.0 (compatible; MSIE 6.0; Windows NT 5.1; SV1; .NET CLR 2.0.50727)” 192.168.18.13 267 578 -

URL  65.55.184.221/v6/UpdateRegulationService/UpdateRegulation.asmx
(?:cs-uri=| )(?:http|ftp|tcp|https):\/\/(.+?)\s
<13>May 06 14:31:05	microsoft.isa.test.com	AgentDevice=WindowsISA	AgentLogFile=ISALOG_20090506_WEB_000.w3c	AgentLogFormat=W3C	c-ip=172.16.75.215	cs-username=anonymous	c-agent=Windows-Update-Agent	date=2009-05-06	time=17:30:55	s-computername=W2K3S4	cs-referred=-	r-host=65.55.184.221	r-ip=65.55.184.221	r-port=80	time-taken=453	cs-bytes=1596	sc-bytes=2026	cs-protocol=http	s-operation=POST	cs-uri=http://65.55.184.221/v6/UpdateRegulationService/UpdateRegulation.asmx	s-object-source=Inet	sc-status=200	rule=[System] Allow HTTP/HTTPS requests from ISA Server to specified sites FilterInfo=Req ID: 0864b868; Compression: client=No, server=No, compress rate=0 31980900ecompress rate=0	cs-Network=Local Host	sc-Network=Internal	error-info=0x600	action=Allowed	AuthenticationServer=-

URLHost dc04.pain.lab
QueryName:\s(.*)\sQueryStatus
<13>Apr 30 15:39:02 172.18.224.2 AgentDevice=WindowsLog	AgentLogFile=Microsoft-Windows-Sysmon/Operational	PluginVersion=7.2.9.96	Source=Microsoft-Windows-Sysmon	Computer=dc04.pain.lab	OriginatingComputer=172.18.224.2	User=SYSTEM	Domain=NT AUTHORITY	EventID=22	EventIDCode=22	EventType=4	EventCategory=22	RecordNumber=8284634967	TimeGenerated=1588271939	TimeWritten=1588271939	Level=Informational	Keywords=0x8000000000000000	Task=SysmonTask-SYSMON_DNS_QUERY	Opcode=Info	Message=Dns query: RuleName: - UtcTime: 2020-04-30 18:38:57.660 ProcessGuid: {81FA1B0D-1B41-5EAB-9912-000000002800} ProcessId: 9980 QueryName: dc04.pain.lab QueryStatus: 0 QueryResults: fe80::11e:76cf:40d1:1c0a;::ffff:172.18.224.2; Image: C:\Windows\System32\dsregcmd.exe 

URLHost www.example.com
(?:(?:http|ftp|tcp|ssl|https):\/\/)(.*?)(?=$|\s|\\|\"|\/|\:|\|)
<13>Feb 07 14:25:22 EC2AMAZ-P3A6MJA AgentDevice=WindowsLog	AgentLogFile=Microsoft-Windows-Sysmon/Operational	PluginVersion=WC.MSEVEN6.10.0.0.115	Source=Microsoft-Windows-Sysmon	Computer=EC2AMAZ-P3A6MJA	OriginatingComputer=EC2AMAZ-P3A6MJA	User=SYSTEM	Domain=NT AUTHORITY	EventID=1	EventIDCode=1	EventType=4	EventCategory=1	RecordNumber=3449	TimeGenerated=1581085462	TimeWritten=1581085462	Level=Informational	Keywords=0	Task=SysmonTask-SYSMON_CREATE_PROCESS	Opcode=Start	Message=Process Create: RuleName:  UtcTime: 2020-02-07 14:24:22.355 ProcessGuid: {73bfaa7d-7316-5e3d-0000-0010ba960102} ProcessId: 5116 Image: C:\Windows\System32\certutil.exe FileVersion: 10.0.17763.1 (WinBuild.160101.0800) Description: CertUtil.exe Product: Microsoft® Windows® Operating System Company: Microsoft Corporation OriginalFileName: CertUtil.exe CommandLine: certutil.exe  -urlcache -split -f http://www.example.com/download/example.com.txt C:\Users\Administrator\Downloads\output.txt CurrentDirectory: C:\Users\Administrator\ User: EC2AMAZ-P3A6MJA\Administrator LogonGuid: {73bfaa7d-d8bd-5e3a-0000-0020e6a11300} LogonId: 0x13A1E6 TerminalSessionId: 2 IntegrityLevel: High Hashes: MD5=535CF1F8E8CF3382AB8F62013F967DD8,SHA256=85DD6F8EDF142F53746A51D11DCBA853104BB0207CDF2D6C3529917C3C0FC8DF,IMPHASH=683B8A445B00A271FC57848D893BD6C4 ParentProcessGuid: {73bfaa7d-e9fd-5e3a-0000-00100a4d2300} ParentProcessId: 2576 ParentImage: C:\Windows\System32\cmd.exe ParentCommandLine: "C:\Windows\system32\cmd.exe" 

URLHost www.example.com
url=(.*)
Aug 10 14:55:37 bluecatnetworks.adonis.test LEEF:1.0|BCN|Adonis|6.7.1|DNS_Query|cat=NS_record	src=192.168.137.10	url=example.com

User Domain domain
Supplied Realm Name[:\s]+([^\s]+)
AgentDevice=WindowsLog	AgentLogFile=Security	Source=Microsoft-Windows-Security-Auditing	Computer=computer	User=	Domain=	EventID=4768	EventIDCode=4768	EventType=8	EventCategory=14339	RecordNumber=1111111	TimeGenerated=1111111	TimeWritten=1111111	Message=A Kerberos authentication ticket (TGT) was requested.    Account Information:   Account Name:  user1   Supplied Realm Name: domain   User ID:   sid    Service Information:   Service Name:  serviceName   Service ID:  sid    Network Information:   Client Address:  -   Client Port:  -    Additional Information:   Ticket Options:  0x00000000   Result Code:  0x0   Ticket Encryption Type: 0x17   Pre-Authentication Type: 0    Certificate Information:

User Principal name SAMPLEUSER
User Principal Name[:\s]*(.*?)\s+Home Directory:
<13>Dec 19 17:30:00 ServerName AgentDevice=WindowsLog	AgentLogFile=Security	PluginVersion=7.2.5.27	Source=Microsoft-Windows-Security-Auditing	Computer=ServerName	OriginatingComputer=ServerName	User=	Domain=	EventID=4741	EventIDCode=4741	EventType=8	EventCategory=13825	RecordNumber=000000000000	TimeGenerated=000000000000	TimeWritten=000000000000	Level=0	Keywords=0	Task=0	Opcode=0	Message=A computer account was created. Subject: Security ID: Domain\adminUser Account Name: adminUser Account Domain: Domain Logon ID: 0x0000 New Computer Account: Security ID: Domain\ComputerName Account Name: ComputerName Account Domain: Domain Attributes: SAM Account Name: ComputerName Display Name: - User Principal Name: SAMPLEUSER Home Directory: - Home Drive: - Script Path: - Profile Path: - User Workstations: - Password Last Set: - Account Expires: <never> Primary Group ID: 515 AllowedToDelegateTo: - Old UAC Value: 0x0 New UAC Value: 0x80 User Account Control:

Web Category 14
cat=(\d{1,5})
<159>Oct 26 11:52:45 forcepoint.vseries.test LEEF:1.0|Websense|Security|8.2.0|transaction:blocked|sev=7	cat=14	src=10.68.36.92	srcPort=11234	srcBytes=0	dstBytes=0	dst=10.0.61.121	dstPort=80	proxyStatus-code=302	serverStatus-code=0	duration=5	method=GET	disposition=1025	contentType=-	reason=-	policy=Super Administrator**Policy  base	role=8	userAgent=Mozilla/5.0 (Windows NT 6.1; Win64; x64; Trident/7.0; rv:11.0) like Gecko	url=http://premium.example.test/premium/ut/fragment/library-1.47.3.js


BlueCouat category Malicious Outbound Data/Botnets
OBSERVED\s"(.*?)"
<182>Jan 31 21:18:04 192.168.10.224 "[11/Jan/2016:02:47:49 -0500]" 2 192.168.0.136 lance.springwell - - OBSERVED "Malicious Outbound Data/Botnets" http://donald-trump.ru 304 TCP_HIT GET image/gif http donald-trump.ru 80 /ajax/search.php - php "Mozilla/4.0 (compatible; MSIE 6.0; Windows NT 5.1; SV1; .NET CLR 2.0.50727; MS-RTC LM 8; InfoPath.2)" 47.188.76.90 308 726 -


Message Subject Funny Monkey Video
Subject:\s(.*?)\sfrom
<182>Jan 31 14:54:16 10.64.2.30 <22>Jul 25 13:40:46 acmesmtp postfix/cleanup[11179]: E4F46A8BD4B: warning: header Subject: Funny Monkey Video from mail.visionresearch.com[149.56.234.165]; from=<mstevens@visionresearch.com> to=<lance.springwell@acme.com> proto=ESMTP helo=<lnhub001.cs-apps.visionresearch.com>

User Agent Mozilla/4.0 (compatible; MSIE 6.0; Windows NT 5.1; SV1; .NET CLR 2.0.50727; .NET CLR 3.0.04506.648; .NET CLR 3.5.21022)
(Mozilla.*?)\"
<182>Jan 31 15:09:54 192.168.10.224 "[11/Jan/2016:02:47:49 -0500]" 257 192.168.0.136 lance.springwell - - OBSERVED "Malicious Sources/Malnets" http://121.193.130.170:443/wp-ajax.php 200 TCP_NC_MISS GET application/x-msdownload;%20charset=utf-8 http 121.193.130.10 443 /wp-ajax.php - - "Mozilla/4.0 (compatible; MSIE 6.0; Windows NT 5.1; SV1; .NET CLR 2.0.50727; .NET CLR 3.0.04506.648; .NET CLR 3.5.21022)" 47.188.76.90 12420 1639 -

