Application  application="sample-application"
application="(.*?)"\s
13:33.758 AAA0000-0 RT_FLOW - APPTRACK_SESSION_CLOSE [sampleuser@1111.1.1.1.1.11 reason="unset" source-address="192.0.2.0" source-port="10" destination-address="192.0.2.255" destination-port="10" service-name="sample-service" application="sample-application" nested-application="None" nat-source-address="192.0.2.0" nat-source-port="10" nat-destination-address="192.0.2.255" nat-destination-port="10" src-nat-rule-name="None" dst-nat-rule-name

Another Application application=junos:sample-tcp [189]
application=junos:(.*?\s\[\d{1,10}\])
filename=samplefile	record-type=D	lpdf_id=5	profile=pdf	timestamp=2009-10-19 16:58:04 	input-interface=AA-0/0/0.0	subscriber-name=sampleuser	address=192.0.2.0	mask=255.255.255.255	vrf-name=	application-group= 	application=junos:sample-tcp [189]	input-packets=1	input-bytes=56	output-packets=6	output-bytes=336

Application Object ID  id=000000
\s+id=(\S+)
Jul 11 15:41:34 10.0.0.1 user1@172.1.0.2 0000 (TestingService) | [Configuration] [CRE] [RuleAdded] base_capacity=null capacity_timestamp=null rule_type=0 average_capacity=null base_host_id=null mod_date=2018-06-26 12:29:55.67 id=000000 create_date=2017-11-29 20:09:55.8 filedata=null

Authentication Package Authentication Package: NTLM 
Authentication Package:\s*(\S+)
<13>Jun 27 14:24:00 IE8WIN7 AgentDevice=WindowsLog	AgentLogFile=Security	PluginVersion=7.2.7.20	Source=Microsoft-Windows-Security-Auditing	Computer=IE8WIN7	OriginatingComputer=IE8WIN7	User=	Domain=	EventID=4625	EventIDCode=4625	EventType=16	EventCategory=0	RecordNumber=5198	TimeGenerated=1530134638	TimeWritten=1530134638	Level=Log Always	Keywords=Audit Failure	Task=SE_ADT_LOGON_LOGON	Opcode=Info	Message=An account failed to log on.  Subject:  Security ID:  NULL SID  Account Name:  -  Account Domain:  -  Logon ID:  0x0  Logon Type:   3  Account For Which Logon Failed:  Security ID:  NULL SID  Account Name:  Administrator  Account Domain:  .  Failure Information:  Failure Reason:  Unknown user name or bad password.  Status:   0xc000006d  Sub Status:  0xc000006a  Process Information:  Caller Process ID: 0x0  Caller Process Name: -  Network Information:  Workstation Name: p61iwx2jUwMvVvSz  Source Network Address: 192.168.56.103  Source Port:  38751  Detailed Authentication Information:  Logon Process:  NtLmSsp   Authentication Package: NTLM  Transited Services: -  Package Name (NTLM only): -  Key Length:  0  This event is generated when a logon request fails. It is generated on the computer where access was attempted.  The Subject fields indicate the account on the local system which requested the logon. This is most commonly a service such as the Server service, or a local process such as Winlogon.exe or Services.exe.  The Logon Type field indicates the kind of logon that was requested. The most common types are 2 (interactive) and 3 (network).  The Process Information fields indicate which account and process on the system requested the logon.  The Network Information fields indicate where a remote logon request originated. Workstation name is not always available and may be left blank in some cases.  The authentication information fields provide detailed information about this specific logon request.  - Transited services indicate which intermediate services have participated in this logon request.  - Package name indicates which sub-protocol was used among the NTLM protocols.  - Key length indicates the length of the generated session key. This will be 0 if no session key was requested.

Birth Date 
((?:0[1-9]|[12]\d|3[01])([\/.-])(?:0[1-9]|1[12])\2(?:(?:19|20)?\d{2}))


Blocked (yes or no)
"blocked":\s+([a-z]+)
{LogStreamName: GuardDutyLogStream,Timestamp: 1537272809958,Message: {"version": "0", "id": "095aab52-d1cd-2a72-a11a-afda5b22c1f6", "detail-type": "GuardDuty Finding", "source": "aws.guardduty", "account": "348426448370", "time": "2018-09-18T12:13:17Z", "region": "us-east-1", "resources": [], "detail": {"schemaVersion": "2.0", "accountId": "126223755640", "region": "us-east-1", "partition": "aws", "id": "24b2e6fc47df1e5186fc306f75130143", "arn": "arn:aws:guardduty:us-east-1:126223755640:detector/32b2e6f6421a70feee26a1bfc48e39f9/finding/24b2e6fc47df1e5186fc306f75130143", "type": "Recon:EC2/PortProbeUnprotectedPort", "resource": {"resourceType": "Instance", "instanceDetails": {"instanceId": "i-12b08fff", "instanceType": "m3.2xlarge", "launchTime": "2014-10-30T12:03:29Z", "platform": null, "productCodes": [], "iamInstanceProfile": null, "networkInterfaces": [], "tags": [{"value": "ahl-production-jira", "key": "Name"}], "instanceState": "running", "availabilityZone": "us-east-1c", "imageId": "ami-00ab0168", "imageDescription": "null"}}, "service": {"serviceName": "guardduty", "detectorId": "32b2e6f6421a70feee26a1bfc48e39f9", "action": {"actionType": "PORT_PROBE", "portProbeAction": {"portProbeDetails": [{"localPortDetails": {"port": 8080, "portName": "Unknown"}, "remoteIpDetails": {"country": {"countryName": "Country4"}, "city": {"cityName": ""}, "geoLocation": {"lon": 0.0, "lat": 0.0}, "organization": {"asnOrg": "testAsnOrg5", "org": "testAsnOrg5", "isp": "testISP5", "asn": "29073"}, "ipAddressV4": "192.168.207.50"}}, {"localPortDetails": {"port": 80, "portName": "HTTP"}, "remoteIpDetails": {"country": {"countryName": "Country4"}, "city": {"cityName": ""}, "geoLocation": {"lon": 0.0, "lat": 0.0}, "organization": {"asnOrg": "testAsnOrg5", "org": "testAsnOrg5", "isp": "testISP5", "asn": 29073}, "ipAddressV4": "192.168.181.249"}}], "blocked": false}}, "resourceRole": "TARGET", "additionalInfo": {"threatName": "Scanner", "threatListName": "ProofPoint"}, "eventFirstSeen": "2018-09-12T13:15:43Z", "eventLastSeen": "2018-09-18T06:12:37Z", "archived": false, "count": 21}, "severity": 2, "createdAt": "2018-09-12T13:29:03.678Z", "updatedAt": "2018-09-18T06:24:14.845Z", "title": "Unprotected port on EC2 instance i-12b08fff is being probed.", "description": "EC2 instance has an unprotected port which is being probed by a known malicious host."}},IngestionTime: 1537272809964,EventId: 34282329235502547611359803964175423399678929446014877696}

bytes
bytes (\d+)
&lt;158&gt;Nov 16 2006 14:04:11: %PIX-0-000000: Teardown TCP connection 000000000 for SAMPLE:192.0.2.0/10 to inside:192.0.2.255/10 duration 0:00:01 bytes 462 TCP FINs

bytes received 
from-bytes=(\d+)
from-bytes=20

bytes cs-bytes=208
cs-bytes=(\d{1,})
Bluecoat|src=10.38.77.122|srcport=1997|dst=74.125.226.103|dstport=443|username=dschenkl|devicetime=[28/01/2014:15:04:59 GMT]|s-action=TCP_TUNNELED|sc-status=200|cs-method=(csmethod)|time-taken=15|sc-bytes=39|cs-bytes=208|cs-uri-scheme=tcp|cs-host=plus.google.com|cs-uri-path=/|cs-uri-query=-|cs-uri-extension=-|cs-auth-group=oak\Domain%20Users|rs(Content-Type)=-|cs(User-Agent)=Mozilla/5.0 (Windows NT 5.1) AppleWebKit/537.11 (KHTML, like Gecko) Chrome/23.0.1271.97 Safari/537.11|cs(Referer)=-|sc-filter-result=DENIED|filter-category=Google_Plus|cs-uri=tcp://plus.google.com:443/

Second capture group example:	The system has identified a network DoS attack.
(.+?)\t(.+)
Network DoS Attack Detected	The system has identified a network DoS attack.

CVEID
CVE-(\d*-\d*)

Command name
CommandName[\=\s]+(.*?)\s*CommandType
<13>Feb 28 16:50:10 WIN7VM2 AgentDevice=WindowsLog	AgentLogFile=Windows PowerShell	PluginVersion=7.2.8.145	Source=PowerShell	Computer=Win7VM2	OriginatingComputer=Win7VM2	User=	Domain=	EventID=501	EventIDCode=501	EventType=4	EventCategory=5	RecordNumber=140	TimeGenerated=1551372609	TimeWritten=1551372609	Level=Informational	Keywords=Classic	Task=Command Lifecycle	Opcode=Info	Message=Command "Get-Process" is Stopped.   Details:   NewCommandState=Stopped   SequenceNumber=22   HostName=ConsoleHost  HostVersion=2.0  HostId=9fe10532-084d-42d0-a6a2-4cfae85321aa  EngineVersion=2.0  RunspaceId=5a901d80-8514-4d5a-b7b3-729fc8948465  PipelineId=2  CommandName=Get-Process  CommandType=Cmdlet  ScriptName=  CommandPath=  CommandLine=get-process

ComponentID
Object Name[:\s]+.*?\\CLSID\\\{([\d\w\-]*)\}
<13>Jan 31 16:49:31 MACHINEB AgentDevice=WindowsLog	AgentLogFile=Security	PluginVersion=7.2.8.145	Source=Microsoft-Windows-Security-Auditing	Computer=MachineB	OriginatingComputer=MachineB	User=	Domain=	EventID=4663	EventIDCode=4663	EventType=8	EventCategory=12801	RecordNumber=3865	TimeGenerated=1548953368	TimeWritten=1548953368	Level=Log Always	Keywords=Audit Success	Task=SE_ADT_OBJECTACCESS_REGISTRY	Opcode=Info	Message=An attempt was made to access an object.  Subject:  Security ID:  MACHINEB\user1  Account Name:  user1  Account Domain:  MACHINEB  Logon ID:  0x26ae14  Object:  Object Server: Security  Object Type: Key  Object Name:  \REGISTRY\MACHINE\SOFTWARE\Classes\WOW6432Node\CLSID\{00000000-0000-0000-891F-00AA004B2E24}  Handle ID: 0x50  Process Information:  Process ID: 0xd40  Process Name: C:\Windows\System32\reg.exe  Access Request Information:  Accesses: Set key value       Access Mask: 0x2

Computer
Computer\=(\S+)
<13>Oct 02 14:36:23 Gs-4246 AgentDevice=WindowsLog	AgentLogFile=Security	PluginVersion=7.2.9.72	Source=Microsoft-Windows-Security-Auditing	Computer=wcdemodc.demo.lab	OriginatingComputer=9.10.81.2	User=	Domain=	EventID=4801	EventIDCode=4801	EventType=8	EventCategory=12551	RecordNumber=1602218	TimeGenerated=1570037781	TimeWritten=1570037781	Level=Log Always	Keywords=Audit Success	Task=SE_ADT_LOGON_OTHERS	Opcode=Info	Message=The workstation was unlocked.  Subject:  Security ID:  DEMO\Adam  Account Name:  adam  Account Domain:  DEMO  Logon ID:  0x2BA6D20E  Session ID: 3

Content Type (Content-Type)=image/gif
rs\(Content-Type\)=([^\|]*?)\|
Bluecoat|src=10.0.0.15|srcport=3147|dst=192.168.1.1|dstport=80|username=user1|devicetime=[20/07/2018:10:00:00 GMT]|s-action=TCP_NC_MISS|sc-status=200|cs-method=GET|time-taken=16|sc-bytes=440|cs-bytes=1100|cs-uri-scheme=http|cs-host=www.example.com|cs-uri-path=/example.gif|cs-uri-query=-|cs-uri-extension=gif|rs(Content-Type)=image/gif|cs(User-Agent)=Mozilla/5.0|cs(Referer)=-|sc-filter-result=OBSERVED|filter-category=Web_Ads/Analytics|cs-uri=http://www.example.com/example.gif

DNS Request Type  Question Type=NAPTR
Question Type=([^\s]+)
<13>May  7 14:55:54 microsoft.dnsdebug.test AgentDevice=WindowsDNS	AgentLogFile=DNSmicrosoft.dnsserver.test.log	PluginVersion=7.2.7.20	Date=2019-05-07	Time=14:55:52	Thread ID=1148	Context=PACKET	Message=	Internal packet identifier=000000000993ED40	UDP/TCP indicator=UDP	Send/Receive indicator=Rcv	Remote IP=10.11.5.205	Xid (hex)=1134	Query/Response=R	Opcode=Q	Flags (hex)=8081	Flags (char codes)=DR	ResponseCode=NOERROR	Question Type=NAPTR	Question Name=test.test-test.pl 

Date time  2005-08-12 03:05:04
(\d{4}-\d{2}-\d{2}\s+\d{2}:\d{2}:\d{2})
2005-08-12 03:05:04 - ive - [192.0.2.0] System()[] - DELEGATE_RESOURCE_POLICY in Role '.Administrators' is modified from [Deny] to [Write]

Destination Host Name DestinationHostname: testhost 
DestinationHostname[:\s]+([^\s]*?)\s*DestinationPort:
<13>Mar 28 16:23:07 exampleHost AgentDevice=WindowsLog	AgentLogFile=Microsoft-Windows-Sysmon/Operational	PluginVersion=7.2.8.145	Source=Microsoft-Windows-Sysmon	Computer=exampleHost	OriginatingComputer=exampleHost	User=SYSTEM	Domain=NT AUTHORITY	EventID=3	EventIDCode=3	EventType=4	EventCategory=3	RecordNumber=425923967	TimeGenerated=1553790186	TimeWritten=1553790186	Level=Informational	Keywords=0x8000000000000000	Task=SysmonTask-SYSMON_NETWORK_CONNECT	Opcode=Info	Message=Network connection detected: RuleName:  UtcTime: 2019-03-28 16:22:46.893 ProcessGuid: {8DCA47D3-4B62-5C96-0000-0010BC423316} ProcessId: 6336 Image: C:\Users\Administrator\AppData\Roaming\BitTorrent\BitTorrent.exe User: exampleHost\Administrator Protocol: udp Initiated: false SourceIsIpv6: false SourceIp: 192.168.0.100 SourceHostname: exampleHost SourcePort: 15510 SourcePortName:  DestinationIsIpv6: false DestinationIp: 192.168.2.5 DestinationHostname: testhost  DestinationPort: 35213 DestinationPortName: 


Domain Name 121.193.130.10
http\s(.*?)\s
<182>Mar 15 14:30:35 192.168.10.224 "[11/Jan/2016:02:47:49 -0500]" 257 192.168.0.136 lance.springwell - - OBSERVED "Malicious Sources/Malnets" http://121.193.130.170:443/wp-ajax.php 200 TCP_NC_MISS GET application/x-msdownload;%20charset=utf-8 http 121.193.130.10 443 /wp-ajax.php - - "Mozilla/4.0 (compatible; MSIE 6.0; Windows NT 5.1; SV1; .NET CLR 2.0.50727; .NET CLR 3.0.04506.648; .NET CLR 3.5.21022)" 47.188.76.90 12420 1639 -

Duration minutes 02
[Dd]uration[: ]* (\d+):(\d+):(\d+)
Jul 11 13:40:24 192.0.2.0 000000 07/11/2005 13:21:00.990 SEV=4 AUTH/00 RPT=000 Management user admin disconnected: duration 0:02:39

Error code  Status:0xc000006d
Status[:\\\s=]*([^\s&]+)
<125>Dec 17 12:37:40 172.16.72.66 deviceHost AgentDevice=WindowsLog	AgentLogFile=Security	Source=Microsoft-Windows-Security-Auditing	Computer=computer	User=	Domain=	EventID=4625	EventIDCode=4625	EventType=5	EventCategory=	RecordNumber=000000	TimeGenerated=0000000	TimeWritten=00000	Message=An account failed to log on.  Subject: Security ID:- Account Name:- Account Domain:- Logon ID:0x0  Logon Type:3  Account For Which Logon Failed: Security ID:- Account Name:user1 Account Domain:domain1  Failure Information: Failure Reason:Unknown user name or bad password. Status:0xc000006d Sub Status:0xc0000064  Process Information: Caller Process ID:0x0 Caller Process Name:-  Network Information: Workstation Name:computername Source Network Address:10.0.9.8 Source Port:0000  Detailed Authentication Information: Logon Process:NtLmSsp  Authentication Package:NTLM Transited Services:- Package Name (NTLM only):- Key Length:0  This event is generated when a logon request fails. It is generated on the computer where access was attempted.  The Subject fields indicate the account on the local system which requested the logon. This is most commonly a service such as the Server service, or a local process such as Winlogon.exe or Services.exe.  The Logon Type field indicates the kind of logon that was requested. The most common types are 2 (interactive) and 3 (network).  The Process Information fields indicate which account and process on the system requested the logon.  The Network Information fields indicate where a remote logon request originated. Workstation name is not always available and may be left blank in some cases.  The authentication information fields provide detailed information about this specific logon request. - Transited services indicate which intermediate services have participated in this logon request. - Package name indicates which sub-protocol was used among the NTLM protocols. - Key length indicates the length of the generated session key. This will be 0 if no session key was requested.

EventID  560
\d{1,2}\s\d{1,2}[:\s]\d{1,2}[:\s]\d{1,2}\s+\d{1,4}\s+(\d+)
Status:0xc000006d

File Directory file://\\Example Dir\ExamplePage.htm
file:(.*?)\\[^\\]*?\s+owned\sby
<13>Feb 21 12:20:36 machine.windows.test AgentDevice=WindowsLog AgentLogFile=System Source=Print Computer=EXAMPLECOM1 User=ExampleUser Domain= DOMAIN1 EventIDCode=10 EventType=4 EventCategory=0 RecordNumber=1155994 TimeGenerated=1298312435 TimeWritten=1298312435 Message=Document 170, file://\\Example Dir\ExamplePage.htm owned by ExampleUser was printed on EXAMPLECOM2 via port C:\System\File1.ext. Size in bytes: 0; pages printed: 1

File extension  .exe
Object Name:\s+.*?\.?[^\\.]+\.(?![0-9]{1,2}\.)([^\\]*?)\s+Handle
<13>Jun 17 14:13:48 WINSERVER2012 AgentDevice=WindowsLog	AgentLogFile=Security	PluginVersion=7.2.7.20	Source=Microsoft-Windows-Security-Auditing	Computer=WinServer2012	OriginatingComputer=WinServer2012	User=	Domain=	EventID=4656	EventIDCode=4656	EventType=16	EventCategory=0	RecordNumber=2037	TimeGenerated=1529270024	TimeWritten=1529270024	Level=Log Always	Keywords=Audit Failure	Task=SE_ADT_OBJECTACCESS_FILESYSTEM	Opcode=Info	Message=A handle to an object was requested.  Subject:  Security ID:  WINSERVER2012\Administrator  Account Name:  Administrator  Account Domain:  WINSERVER2012  Logon ID:  0x67E023  Object:  Object Server:  Security  Object Type:  File  Object Name:  C:\Windows\System32\osk.exe  Handle ID:  0x0  Resource Attributes: -  Process Information:  Process ID:  0x588  Process Name:  C:\Windows\explorer.exe  Access Request Information:  Transaction ID:  {00000000-0000-0000-0000-000000000000}  Accesses:  READ_CONTROL     SYNCHRONIZE     ReadData (or ListDirectory)     WriteData (or AddFile)     AppendData (or AddSubdirectory or CreatePipeInstance)     WriteEA     ReadAttributes     WriteAttributes       Access Reasons:  READ_CONTROL: Granted by D:(A;;0x1200a9;;;BA)     SYNCHRONIZE: Granted by D:(A;;0x1200a9;;;BA)     ReadData (or ListDirectory): Granted by D:(A;;0x1200a9;;;BA)     WriteData (or AddFile): Not granted     AppendData (or AddSubdirectory or CreatePipeInstance): Not granted     WriteEA: Not granted     ReadAttributes: Granted by ACE on parent folder D:(A;;0x1301bf;;;BA)     WriteAttributes: Not granted       Access Mask:  0x120197  Privileges Used for Access Check: -  Restricted SID Count: 0

File Hash fileHash=34649ca8ec993aac953ba61d4c1a5420
fileHash=(\w+)
LEEF:1.0|FireEye|CMS|7.5.0.258966|malware-object|osinfo=Microsoft WindowsXP 32-bit 5.1 sp3 14.0528^sev=4^sname=Malware.Binary.pdf;Malware.Binary.Pdf^proto=tcp^fileHash=34649ca8ec993aac953ba61d4c1a5420^filePath=/analysis/doubleb/english/pdf_9996936^vlan=0^dvchost=fmps^dvc=172.17.15.10^action=notified^cncHost=clickhos.bz.cm^externalId=3^devTime=Aug 04 2014 21:49:48 UTC^cncPort=80^link=https://axhcms.eng.fireeye.com/fmps/fanalysis?ma_id\=3^anomaly=misc-anomaly^cncChannel=GET /kntrn334e/load.php?e\=5&amp;amp;o\=5&amp;amp;b\=5&amp;amp;id\=7deee6c92a39c5d3cb7f51629d9ca87f&amp;amp; HTTP/1.1::~~Accept: */*::~~Accept-Encoding: gzip, deflate::~~User-Agent: Mozilla/4.0 (compatible; MSIE 8.0; Windows NT 5.1; Trident/4.0; .NET CLR 2.0.50727; .NET CLR 3.0.04506.648; .NET CLR 3.5.21022; .NET4.0C; .NET4.0E)::~~Host: clickhos.bz.cm::~~Connection: Keep-Alive::~~::~~^


File Hash SHA1=51075D12C2685FFA92C4E5AF8AA58AA4063A8611
(?:SHA1|SHA256|MD5)=(\w+)
<13>Mar 24 23:58:44 WIN7VM1-PC AgentDevice=WindowsLog	AgentLogFile=Microsoft-Windows-Sysmon/Operational	PluginVersion=7.2.8.145	Source=Microsoft-Windows-Sysmon	Computer=Win7VM1-PC	OriginatingComputer=Win7VM1-PC	User=SYSTEM	Domain=NT AUTHORITY	EventID=15	EventIDCode=15	EventType=4	EventCategory=15	RecordNumber=79550	TimeGenerated=1553471922	TimeWritten=1553471922	Level=Informational	Keywords=0x8000000000000000	Task=SysmonTask-SYSMON_FILE_CREATE_STREAM_HASH	Opcode=Info	Message=File stream created: RuleName:  UtcTime: 2019-03-24 23:58:41.526 ProcessGuid: {1C2D3F54-197D-5C98-0000-001064000700} ProcessId: 3780 Image: C:\Program Files\Google\Chrome\Application\chrome.exe TargetFilename: C:\Users\tiger\Downloads\ApplicationCompatibilityToolkitSetup.exe CreationUtcTime: 2019-03-24 23:58:33.709 Hash: SHA1=51075D12C2685FFA92C4E5AF8AA58AA4063A8611,MD5=50AF5F196AB7C5E472672DFDDA346E58,SHA256=048C2FFE78DF7DCB1FD037AF81CB336369406B864E3EDEE1028AC047A5A9D070,IMPHASH=522326AB5E85CCEE9A1A42D7026FA750

File Path folder1\example.dll
Relative Target Name:\s+(.*?)\s+Access Request Information:
AgentDevice=WindowsLog	AgentLogFile=Security	Source=Microsoft-Windows-Security-Auditing	Computer=computer1	User= 	Domain= 	EventID=5145	EventIDCode=5145	EventType=8	EventCategory=12811	RecordNumber=111111111	TimeGenerated=11111111	TimeWritten=11111111	Message=A network share object was checked to see whether client can be granted desired access.   Subject:  Security ID:  sid  Account Name:  user1  Account Domain:  domain  Logon ID:  0x0000  Network Information:   Object Type:  File  Source Address:  10.0.0.7  Source Port:  00   Share Information:  Share Name:  \\*\ShareExample  Share Path:  \??\d:\Shared\Example  Relative Target Name: folder1\example.dll  Access Request Information:  Access Mask:  0x80  Accesses:

File Path file://\\Example Dir\ExamplePage.htm
file:(.*?)\sowned\sby
<13>Feb 21 12:20:36 machine.windows.test AgentDevice=WindowsLog AgentLogFile=System Source=Print Computer=EXAMPLECOM1 User=ExampleUser Domain= DOMAIN1 EventIDCode=10 EventType=4 EventCategory=0 RecordNumber=1155994 TimeGenerated=1298312435 TimeWritten=1298312435 Message=Document 170, file://\\Example Dir\ExamplePage.htm owned by ExampleUser was printed on EXAMPLECOM2 via port C:\System\File1.ext. Size in bytes: 0; pages printed: 1

File Name hello.txt 
Object Type[:\s\\=]+File[\s\t]+Object Name[:\s\=]+.*?\\([^\\]*?)\s+(?:Handle ID|&&)
<13>Jun 17 06:30:42 WINSERVER2012 AgentDevice=WindowsLog	AgentLogFile=Security	PluginVersion=7.2.7.20	Source=Microsoft-Windows-Security-Auditing	Computer=WinServer2012	OriginatingComputer=WinServer2012	User=	Domain=	EventID=4663	EventIDCode=4663	EventType=8	EventCategory=0	RecordNumber=1413	TimeGenerated=1529242237	TimeWritten=1529242237	Level=Log Always	Keywords=Audit Success	Task=SE_ADT_OBJECTACCESS_FILESYSTEM	Opcode=Info	Message=An attempt was made to access an object.  Subject:  Security ID:  WINSERVER2012\Administrator  Account Name:  Administrator  Account Domain:  WINSERVER2012  Logon ID:  0x5F102  Object:  Object Server:  Security  Object Type:  File  Object Name:  C:\Users\Administrator\AppData\Local\Temp\hello.txt  Handle ID:  0x18c  Resource Attributes: S:AI  Process Information:  Process ID:  0x84c  Process Name:  C:\Windows\System32\notepad.exe  Access Request Information:  Accesses:  WriteData (or AddFile)     AppendData (or AddSubdirectory or CreatePipeInstance)       Access Mask:  0x6

Group Domain Domain: domain
Group[\s\:]+.*?Account Domain[\s\:\\=]+([^\s]+)
AgentDevice=WindowsLog    AgentLogFile=Security    PluginVersion=7.2    Source=Microsoft-Windows-Security-Auditing    Computer=computer1    OriginatingComputer=computer    User=    Domain=    EventID=4756    EventIDCode=4756    EventType=8    EventCategory=13826    RecordNumber=111111    TimeGenerated=1111111    TimeWritten=1111111    Level=0    Keywords=0    Task=0    Opcode=0    Message=A member was added to a security-enabled universal group. Subject: Security ID: sid Account Name: user1 Account Domain: domain Logon ID: 0x00 Member: Security ID: domain\user Account Name: cn=user first,OU=ou,DC=domain Group: Security ID: sid Account Name: groupName Account Domain: domain Additional Information: Privileges: -

Group Security ID Security ID: 0000000000000000
Group[:\s]*Security ID[:=\s\\]+(.*?)\s+(?:Group Name|Group:|&&)
<13>Oct 01 12:52:25 microsoft.windows.test.com AgentDevice=WindowsLog AgentLogFile=Security PluginVersion=1.0.14 Source=Microsoft-Windows-Security-Auditing Computer=EXAMPLECOM.exampledom.test User= Domain= EventID=4728 EventIDCode=4728 EventType=8 EventCategory=13826 RecordNumber=6398299 TimeGenerated=1380646341 TimeWritten=1380646341 Message=A member was added to a security-enabled global group. Subject: Security ID: 0000000000000 Account Name: USER1 Account Domain: DOMAIN1 Logon ID: 0x0000000 Member: Security ID: 0-0-0-00-0000000000-0000000000-0000000000-0000 Account Name: - Group: Security ID: 0000000000000000 Group Name: None Group Domain: EXAMPLEDOM2 Additional Information: Privileges:

Group ID Group ID: 0000
Group ID[:\s\\=]*(\d+)
<13>Dec 19 10:30:00 WindowsServer AgentDevice=WindowsLog    AgentLogFile=Security    PluginVersion=7.2    Source=Microsoft-Windows-Security-Auditing    Computer=ServerName    OriginatingComputer=192.168.1.5    User=    Domain=    EventID=4720    EventIDCode=4720    EventType=8    EventCategory=13824    RecordNumber=4025229373    TimeGenerated=1514388874    TimeWritten=1514388874    Level=0    Keywords=0    Task=0    Opcode=0    Message=A user account was created. Subject: Security ID: Domain\user1 Account Name: user1 Account Domain: Domain Logon ID: 0x0000 New Account: Security ID: Domain\user2 Account Name: user2 Account Domain: Domain Attributes: SAM Account Name: user2 Display Name: User FullName User Principal Name: user2@ExampleDomain.com Home Directory: - Home Drive: - Script Path: - Profile Path: - User Workstations: - Password Last Set: <never> Account Expires: - Primary Group ID: 0000 Allowed To Delegate To: - Old UAC Value: 0x0 New UAC Value: 0x00 User Account Control: Account Disabled 'Password Not Required' - Enabled 'Normal Account' - Enabled User Parameters: - SID History: - Logon Hours: <value not set> Additional Information: Privileges -

HTTP Status Code 200
\/(\d{3})\s+
<14>Jun 24 11:36:10 squid.webproxy.test.com 1403601953.476 2304 192.0.2.1 TCP_MISS/200 90046 CONNECT ex.example.com:10 EXAMPLEUSER DIRECT/192.0.2.2 -

Home Directory Home Directory:  Directory
Home Directory[:\s]*(.*?)\s+Home Drive:
<13>Sep 16 17:29:09 microsoft.windows.test AgentDevice=WindowsLog	AgentLogFile=Security	Source=Microsoft-Windows-Security-Auditing	Computer=computer.example.com	User= 	Domain= 	EventID=4738	EventIDCode=4738	EventType=8	EventCategory=13824	RecordNumber=396671	TimeGenerated=1253118547	TimeWritten=1253118547	Message=A user account was changed.  Subject:  Security ID:  DOMAIN\Administrator  Account Name:  administrator  Account Domain:  DOMAIN  Logon ID:  0x28960  Target Account:  Security ID:  DOMAIN\user.user  Account Name:  user.user  Account Domain:  DOMAIN  Changed Attributes:  SAM Account Name: -  Display Name:  -  User Principal Name: -  Home Directory:  Directory  Home Drive:  -  Script Path:  -  Profile Path:  -  User Workstations: -  Password Last Set: -  Account Expires:  -  Primary Group ID: -  AllowedToDelegateTo: -  Old UAC Value:  0x10  New UAC Value:  0x11  User Account Control:    %%2080  User Parameters: -  SID History:  -  Logon Hours:  -  Additional Information:  Privileges:

Host Name Host Name = ConsoleHost
Host Name = ([^\s]+)
<13>Mar 27 08:47:02 EC2AMAZ-P3A6MJA AgentDevice=WindowsLog	AgentLogFile=Microsoft-Windows-PowerShell/Operational	PluginVersion=WC.MSEVEN6.10.0.0.115	Source=Microsoft-Windows-PowerShell	Computer=EC2AMAZ-P3A6MJA	OriginatingComputer=EC2AMAZ-P3A6MJA	User=Administrator	Domain=EC2AMAZ-P3A6MJA	EventID=4103	EventIDCode=4103	EventType=4	EventCategory=106	RecordNumber=26747	TimeGenerated=1585309613	TimeWritten=1585309613	Level=Informational	Keywords=0	Task=ExecutePipeline	Opcode=20	Message=CommandInvocation(Invoke-Command): "Invoke-Command" ParameterBinding(Invoke-Command): name="Session"; value="[PSSession]WinRM6" ParameterBinding(Invoke-Command): name="ScriptBlock"; value="echo "hey world""   Context:         Severity = Informational         Host Name = ConsoleHost         Host Version = 5.1.17763.771         Host ID = f2c97085-9411-404a-995b-9bb3d2242c9c         Host Application = C:\Windows\System32\WindowsPowerShell\v1.0\powershell.exe         Engine Version = 5.1.17763.771         Runspace ID = a5e5fb8d-0e51-4664-bdaa-fe552e1b9974         Pipeline ID = 71         Command Name = Invoke-Command         Command Type = Cmdlet         Script Name =          Command Path =          Sequence Number = 2368         User = EC2AMAZ-P3A6MJA\Administrator         Connected User =          Shell ID = Microsoft.PowerShell   User Data:  

Image Image: C:\Windows\system32\certutil.exe
Image:\s*(.+?)\s+TargetFilename:
<13>Feb 10 13:53:35 EC2AMAZ-P3A6MJA AgentDevice=WindowsLog	AgentLogFile=Microsoft-Windows-Sysmon/Operational	PluginVersion=WC.MSEVEN6.10.0.0.115	Source=Microsoft-Windows-Sysmon	Computer=EC2AMAZ-P3A6MJA	OriginatingComputer=EC2AMAZ-P3A6MJA	User=SYSTEM	Domain=NT AUTHORITY	EventID=11	EventIDCode=11	EventType=4	EventCategory=11	RecordNumber=4958	TimeGenerated=1581357159	TimeWritten=1581357159	Level=Informational	Keywords=0	Task=SysmonTask-SYSMON_FILE_CREATE	Opcode=Info	Message=File created: RuleName: Downloads UtcTime: 2020-02-10 17:52:39.834 ProcessGuid: {73bfaa7d-9867-5e41-0000-00101da98f04} ProcessId: 5596 Image: C:\Windows\system32\certutil.exe TargetFilename: C:\Users\Administrator\Downloads\encode.txt CreationUtcTime: 2020-02-10 17:52:39.834

Image TempPath Image: C:\\Users\\user1\\AppData\\Local\\Temp
(?i)Image[:\s]+.*?(Windows\\+Temp|AppData\\+Local\\+Temp)\\.*?\s+FileVersion:
<13>Feb 19 16:01:13 ComputerName AgentDevice=WindowsLog\011AgentLogFile=Microsoft-Windows-Sysmon/Operational\011PluginVersion=7.2.8.136\011Source=Microsoft-Windows-Sysmon\011Computer=ComputerName\011OriginatingComputer=ComputerName\011User=SYSTEM\011Domain=NT AUTHORITY\011EventID=1\011EventIDCode=1\011EventType=4\011EventCategory=1\011RecordNumber=20878\011TimeGenerated=1550592072\011TimeWritten=1550592072\011Level=Informational\011Keywords=0x8000000000000000\011Task=SysmonTask-SYSMON_CREATE_PROCESS\011Opcode=Info\011Message=Process Create: RuleName:  UtcTime: 2019-02-19 16:01:12.481 ProcessGuid: {0A46FC2F-2848-5C6C-0000-00106100FF14} ProcessId: 30468 Image: C:\\Users\\user1\\AppData\\Local\\Temp\\myLove.exe FileVersion: 16.0.10730.20264 Description: xyz Product: xyz Company: xyz


LoadedImageName vmx86.sys
ImageLoaded[\:\s]+.*\\(.*?)\s+Hashes:
<13>Mar 04 11:37:08 DESKTOP AgentDevice=WindowsLog	AgentLogFile=Microsoft-Windows-Sysmon/Operational	PluginVersion=7.2.8.136	Source=Microsoft-Windows-Sysmon	Computer=DESKTOP	OriginatingComputer=DESKTOP	User=SYSTEM	Domain=NT AUTHORITY	EventID=6	EventIDCode=6	EventType=4	EventCategory=6	RecordNumber=269	TimeGenerated=1551699428	TimeWritten=1551699428	Level=Informational	Keywords=0x8000000000000000	Task=SysmonTask-SYSMON_DRIVER_LOAD	Opcode=Info	Message=Driver loaded: RuleName:  UtcTime: 2019-03-04 11:36:40.685 ImageLoaded: C:\Windows\System32\drivers\vmx86.sys Hashes: SHA1=5A365457543CDF4503518D99F753DC09785D9AB4,MD5=B13E3C8819736F80D44C26982F32CA08,SHA256=9CD54E8D3718B9358A085EDC584D20CC3F54DD852461B7D65F30ACA141FCAEA7,IMPHASH=A4AAD7C0882DA5EDEA4E2D546F5BE1A2 Signed: true Signature: VMware, Inc. SignatureStatus: Valid


Logon Account Domain Account Domain:  Window Manager
New Logon.*?Account Domain\s?:\s+(.*?)\s+[Logon ID|Failure Info]
<13>Aug 10 17:45:11 10.35.38.104 AgentDevice=WindowsLog    AgentLogFile=Security    Source=Microsoft-Windows-Security-Auditing    Computer=ADFSWin2K12.proServ.idmCorp.com    User=    Domain=    EventID=4624    EventIDCode=4624    EventType=8    EventCategory=12544    RecordNumber=67647180    TimeGenerated=1502367319119    TimeWritten=1502367319119    Message=An account was successfully logged on.    Subject:   Security ID:  S-1-5-18   Account Name:  ADFSWIN2K12$   Account Domain:  PROSERV   Logon ID:  0x3e7    Logon Type:   2    Impersonation Level:  %%1833    New Logon:   Security ID:  S-1-5-90-3   Account Name:  DWM-3   Account Domain:  Window Manager   Logon ID:  0x86c6cded   Logon GUID:  0-0-0-0000-000000000000    Process Information:   Process ID:  0x9e8   Process Name:  C:\Windows\System32\winlogon.exe    Network Information:   Workstation Name:    Source Network Address: -   Source Port:  -    Detailed Authentication Information:   Logon Process:  Advapi     Authentication Package: Negotiate   Transited Services: -   Package Name (NTLM only): -   Key Length:  0    This event is generated when a logon session is created. It is generated on the computer that was accessed.    The subject fields indicate the account on the local system which requested the logon. This is most commonly a service such as the Server service, or a local process such as Winlogon.exe or Services.exe.    The logon type field indicates the kind of logon that occurred. The most common types are 2 (interactive) and 3 (network).    The New Logon fields indicate the account for whom the new logon was created, i.e. the account that was logged on.    The network fields indicate where a remote logon request originated. Workstation name is not always available and may be left blank in some cases.    The impersonation level field indicates the extent to which a process in the logon session can impersonate.    The authentication information fields provide detailed information about this specific logon request.   - Logon GUID is a unique identifier that can be used to correlate this event with a KDC event.   - Transited services indicate which intermediate services have participated in this logon request.   - Package name indicates which sub-protocol was used among the NTLM protocols.   - Key length indicates the length of the generated session key. This will be 0 if no session key was requested.

MD5 hash: e0b6f0d368c81a0fb197774d0072f759
hash:\s([0-9a-f]{32})
<182>Jan 31 21:17:51 10.64.2.200 <182>Oct 20 17:10:29 10.64.2.200 av.acme.com: Security risk found,Computer name: LSPRINGWELLDC1,Source: Real Time Scan,Risk name: Suspicious.Insight,Occurrences: 1,C:\Temp\screenshot_task.dll,"",Actual action: Left alone,Requested action: Cleaned,Secondary action: Leave alone (log only),Event time: 2016-03-30 12:13:20,Inserted: 2016-03-30 12:13:20,End: 2016-03-30 12:13:20,Domain: Default,Group: ACME\Workstations,Server: SymantecServer,User: lance.springwell,Source computer: LSPRINGWELLDC1,Source IP: 192.168.0.136,Application hash: e0b6f0d368c81a0fb197774d0072f759,Hash algorithm: MD5


MD5 Hash MD5=5CD8838F1E275B0C8EADF4B755C04E4F
MD5=(\w+)
<13>Feb 06 20:00:22 EC2AMAZ-P3A6MJA AgentDevice=WindowsLog	AgentLogFile=Microsoft-Windows-Sysmon/Operational	PluginVersion=WC.MSEVEN6.10.0.0.115	Source=Microsoft-Windows-Sysmon	Computer=EC2AMAZ-P3A6MJA	OriginatingComputer=EC2AMAZ-P3A6MJA	User=SYSTEM	Domain=NT AUTHORITY	EventID=1	EventIDCode=1	EventType=4	EventCategory=1	RecordNumber=3300	TimeGenerated=1581019168	TimeWritten=1581019168	Level=Informational	Keywords=0	Task=SysmonTask-SYSMON_CREATE_PROCESS	Opcode=Start	Message=Process Create: RuleName:  UtcTime: 2020-02-06 19:59:28.350 ProcessGuid: {73bfaa7d-7020-5e3c-0000-0010f4047301} ProcessId: 5476 Image: C:\Windows\System32\bitsadmin.exe FileVersion: 7.8.17763.1 (WinBuild.160101.0800) Description: BITS administration utility Product: Microsoft® Windows® Operating System Company: Microsoft Corporation OriginalFileName: bitsadmin.exe CommandLine: bitsadmin.exe  /transfer /Download /priority Foreground http://www.example.com/download/testfile.com.txt C:\Users\Administrator\Downloads\out.txt CurrentDirectory: C:\Users\Administrator\ User: EC2AMAZ-P3A6MJA\Administrator LogonGuid: {73bfaa7d-d8bd-5e3a-0000-0020e6a11300} LogonId: 0x13A1E6 TerminalSessionId: 2 IntegrityLevel: High Hashes: MD5=5CD8838F1E275B0C8EADF4B755C04E4F,SHA256=03C7E317E277BBD6C9C1159F8718A9D302E6F78E0D80C09D52A994B7598C0F30,IMPHASH=B0A3CFF8CFDE112945189719F82F9EA9 ParentProcessGuid: {73bfaa7d-e9fd-5e3a-0000-00100a4d2300} ParentProcessId: 2576 ParentImage: C:\Windows\System32\cmd.exe ParentCommandLine: "C:\Windows\system32\cmd.exe" 


Machine ID testvm1
"scope":"[^"]*\/virtualmachines\/(.*?)(?:\/|\")
{"eventHubsAzureRecord": {"time":"2019-05-29T19:17:48.5495391Z","resourceId":"/SUBSCRIPTIONS/F57E6412-8A28-4527-970C-11653C15D2B8/RESOURCEGROUPS/TEST-GROUP/PROVIDERS/MICROSOFT.DEVTESTLAB/LABS/TESTDEVTEST/VIRTUALMACHINES/TESTVM1","operationName":"MICROSOFT.DEVTESTLAB/LABS/VIRTUALMACHINES/ADDDATADISK/ACTION","category":"Action","resultType":"Accept","resultSignature":"Accepted.Accepted","durationMs":821,"callerIpAddress":"172.16.89.100","correlationId":"77380c74-172a-49dc-afd7-46edc39bba0e","identity":{"authorization":{"scope":"/subscriptions/f57e6412-8a28-4527-970c-11653c15d2b8/resourcegroups/test-group/providers/microsoft.devtestlab/labs/testdevtest/virtualmachines/testvm1","action":"microsoft.devtestlab/labs/virtualmachines/AddDataDisk/action","evidence":{"role":"Owner","roleAssignmentScope":"/subscriptions/f57e6412-8a28-4527-970c-11653c15d2b8","roleAssignmentId":"9de978ad3b594ebbb87c2a485258b5ef","roleDefinitionId":"8e3af657a8ff443ca75c2fe8c4bcb635","principalId":"88f1b0282eaf4ca3bc3a8c2cdd3beaef","principalType":"Group"}},"claims":{"aud":"https://management.core.windows.net/","iss":"https://sts.windows.net/7106186f-6b8e-4d58-83b2-9d6431c4a909/","iat":"1559157126","nbf":"1559157126","exp":"1559161026","http://schemas.microsoft.com/claims/authnclassreference":"1","aio":"AWQAm/8LAAAAHR/8zsRqHvlBxONQ3WaGHN6JtTywLEdAgxdYJdRFR/UmH3jjsCgR0ufRWkqqYkjSlJux5VOyCgnnGlDcjE60F7LvMD9N8t2hGKdzHAaEnOLhyx3jBihEvMLaVpfkB/2E","altsecid":"5::1003000099C6D348","appid":"c44b4083-3bb0-49c1-b47d-974e53cbdf3c","appidacr":"2","http://schemas.xmlsoap.org/ws/2005/05/identity/claims/emailaddress":"suser@test.com","groups":"88f1b028-2eaf-4ca3-bc3a-8c2cdd3beaef,93707c83-9d1d-4ba0-8ce1-2e15e4c8cd21","http://schemas.microsoft.com/identity/claims/identityprovider":"https://sts.windows.net/fcf67057-50c9-4ad4-98f3-ffca64add9e9/","ipaddr":"172.16.89.100","name":"Sample User","http://schemas.microsoft.com/identity/claims/objectidentifier":"12c17ae9-55ef-457e-b443-9fc08e119216","puid":"100320004947ED47","http://schemas.microsoft.com/identity/claims/scope":"user_impersonation","http://schemas.xmlsoap.org/ws/2005/05/identity/claims/nameidentifier":"J6O0T0O52X51xt9SoMiCMgc282_JxuDqg7GumZI-dfI","http://schemas.microsoft.com/identity/claims/tenantid":"7106186f-6b8e-4d58-83b2-9d6431c4a909","http://schemas.xmlsoap.org/ws/2005/05/identity/claims/name":"suser@test.com","uti":"24-FTm2xoE-fvBmxk-uwAA","ver":"1.0"}},"level":"Information","location":"global","properties":{"statusCode":"Accepted","serviceRequestId":null}}}

Message Verify password for record type Users 'teambanana' node 
subject(?:[^,]*?,){11}([^,]*?)\,
header,203,11,user authentication,0,Tue May  5 11:29:20 2020, + 175 msec,subject,teambanana,root,staff,root,staff,1656,100008,3767,0.0.0.0,text,Verify password for record type Users 'teambanana' node '/Local/Default',return,success,0,identity,1,com.apple.opendirectoryd,complete,,complete,0x1c546a62e93e1c1e1ae67ba2c6be6222df1e25a8,trailer,203,

Method GET
(GET|POST|CONNECT|TUNNEL)\s
“[27/Mar/2009:02:48:29 -0500]” 1 bluecoat.proxysg.test.com WHIRLEWM - - OBSERVED "Sports/Recreation" - 304 TCP_HIT GET image/png http sample.testurl.com 80 /fe/img/Misc/Tables/data.png - png “Mozilla/4.0 (compatible; MSIE 6.0; Windows NT 5.1; SV1; .NET CLR 2.0.50727)” 192.0.2.13 267 578 -

Network interface swatvm1
"scope":"[^"]*\/networkInterfaces\/([^"]*)"
{"eventHubsAzureRecord": {"time":"2019-05-30T18:21:16.9918075Z","resourceId":"/SUBSCRIPTIONS/F57E6412-8A28-4527-970C-11653C15D2B8/RESOURCEGROUPS/SWATDEVTEST1896100301000/PROVIDERS/MICROSOFT.NETWORK/NETWORKINTERFACES/SWATVM1","operationName":"MICROSOFT.NETWORK/NETWORKINTERFACES/DELETE","category":"Delete","resultType":"Start","resultSignature":"Started.","durationMs":0,"callerIpAddress":"10.21.30.51","correlationId":"fb7063e3-e92b-46d2-bea0-fcad47e739f3","identity":{"authorization":{"scope":"/subscriptions/f57e6412-8a28-4527-970c-11653c15d2b8/resourceGroups/swatdevtest1896100301000/providers/Microsoft.Network/networkInterfaces/swatvm1","action":"Microsoft.Network/networkInterfaces/delete","evidence":{"role":"DevTest Lab Service Role","roleAssignmentScope":"/subscriptions/f57e6412-8a28-4527-970c-11653c15d2b8","roleAssignmentId":"32d35858b07c42438c81acd1aa7f0e8c","roleDefinitionId":"8f2de81ab9aa49d8b24c11814d3ab525","principalId":"85ca0bdc195c4adea8fcb6a07f76ac4c","principalType":"ServicePrincipal"}},"claims":{"aud":"https://management.azure.com/","iss":"https://sts.windows.net/7106186f-6b8e-4d58-83b2-9d6431c4a909/","iat":"1559218915","nbf":"1559218915","exp":"1559248015","aio":"42ZgYDiSs+ad+HpFwWPnvh3Xv7HWDwA=","appid":"1a14be2a-e903-4cec-99cf-b2e209259a0f","appidacr":"2","http://schemas.microsoft.com/identity/claims/identityprovider":"https://sts.windows.net/7106186f-6b8e-4d58-83b2-9d6431c4a909/","http://schemas.microsoft.com/identity/claims/objectidentifier":"85ca0bdc-195c-4ade-a8fc-b6a07f76ac4c","http://schemas.xmlsoap.org/ws/2005/05/identity/claims/nameidentifier":"85ca0bdc-195c-4ade-a8fc-b6a07f76ac4c","http://schemas.microsoft.com/identity/claims/tenantid":"7106186f-6b8e-4d58-83b2-9d6431c4a909","uti":"lzOkjFNk7E6d4tQUnusOAA","ver":"1.0"}},"level":"Information","location":"global"}}

Object Name D:\HumanResources\Company officers.doc 
Object Name: (.*?)  
<13>Oct 12 15:11:21 microsoft.windows.test.com AgentDevice=WindowsLog	AgentLogFile=Security	Source=Security	Computer=YUL01FSVMW01	User=adm-vdimov	Domain=ZEROK	EventID=560	EventIDCode=560	EventType=8	EventCategory=3	RecordNumber=12191557	TimeGenerated=1286910672	TimeWritten=1286910672	Message=Object Open:   Object Server: Security   Object Type: File   Object Name: D:\HumanResources\Company officers.doc   Handle ID: 1980   Operation ID: {0,1468684550}   Process ID: 11584   Image File Name: C:\WINDOWS\explorer.exe   Primary User Name: adm-vdimov   Primary Domain: ZEROK   Primary Logon ID: (0x0,0x57686269)   Client User Name: -   Client Domain: -   Client Logon ID: -   Accesses: %%1538    %%1539    %%4423       Privileges: -   Restricted Sid Count: 0   Access Mask: 0x60080  

Object Name Filename entvutil.exe
Process Name:.*\\(.*?\.[a-z0-9]{1,})
<13>Sep 26 09:51:07 microsoft.windows.test.com MSWinEventLog	0	Security	43077	Sun Sep 26 09:51:05 2010	4688	Microsoft-Windows-Security-Auditing	BBIS-SDEV1$	N/A	Success Audit	BBIS-SDEV1	None		A new process has been created.    Subject:   Security ID:  Mikhail   Account Name:  BBIS-SDEV1$   Account Domain:  WORKGROUP   Logon ID:  0x3e7    Process Information:   New Process ID:  0x1340   New Process Name: C:\Program Files (x86)\McAfee\VirusScan Enterprise\entvutil.exe   Token Elevation Type: TokenElevationTypeDefault (1)   Creator Process ID: 0x11d4    Token Elevation Type indicates the type of token that was assigned to the new process in accordance with User Account Control policy.    Type 1 is a full token with no privileges removed or groups disabled.  A full token is only used if User Account Control is disabled or if the user is the built-in Matheus account or a service account.    Type 2 is an elevated token with no privileges removed or groups disabled.  An elevated token is used when User Account Contro

Packets From Client 118
packets-from-client="(\d*)"\s
<70>1 1987-07-02T16:13:33.758 AAA0000-0 RT_FLOW - APPTRACK_SESSION_CLOSE [sampleuser@1111.1.1.1.1.11 reason="unset" source-address="192.0.2.0" source-port="10" destination-address="192.0.2.255" destination-port="10" service-name="sample-service" application="sample-application" nested-application="None" nat-source-address="192.0.2.0" nat-source-port="10" nat-destination-address="192.0.2.255" nat-destination-port="10" src-nat-rule-name="None" dst-nat-rule-name="None" protocol-id="6" policy-name="1" source-zone-name="sample1" destination-zone-name="sample2" session-id-32="00000" packets-from-client="118" bytes-from-client="12280" packets-from-server="108" bytes-from-server="5808" elapsed-time="1881"]

Parent Process GUID 1C2D3F54-AF18-5C7A-0000-001092620000
ParentProcessGuid[:\s]+\{([\w\-]+)\}
<13>Mar 03 03:01:21 WIN7VM1-PC AgentDevice=WindowsLog	AgentLogFile=Microsoft-Windows-Sysmon/Operational	PluginVersion=7.2.8.145	Source=Microsoft-Windows-Sysmon	Computer=Win7VM1-PC	OriginatingComputer=Win7VM1-PC	User=SYSTEM	Domain=NT AUTHORITY	EventID=1	EventIDCode=1	EventType=4	EventCategory=1	RecordNumber=94591	TimeGenerated=1551582078	TimeWritten=1551582078	Level=Informational	Keywords=0x8000000000000000	Task=SysmonTask-SYSMON_CREATE_PROCESS	Opcode=Info	Message=Process Create: RuleName:  UtcTime: 2019-03-03 03:01:18.724 ProcessGuid: {1C2D3F54-437E-5C7B-0000-001029142F00} ProcessId: 2364 Image: C:\Windows\System32\taskhost.exe FileVersion: 6.1.7600.16385 (win7_rtm.090713-1255) Description: Host Process for Windows Tasks Product: Microsoft® Windows® Operating System Company: Microsoft Corporation CommandLine: taskhost.exe $(Arg0) CurrentDirectory: C:\Windows\system32\ User: NT AUTHORITY\LOCAL SERVICE LogonGuid: {1C2D3F54-AF18-5C7A-0000-0020E5030000} LogonId: 0x3e5 TerminalSessionId: 0 IntegrityLevel: System Hashes: SHA1=002D079ABF217B3FDC3F0C86AF93A2C51AB45227,MD5=7FA8BA5A780E4757964AC9D4238302B9,SHA256=65E3D8CE737896647065103FBB4D58E6A34171D0A48662A832CFDAC3CF469701,IMPHASH=5220133EC95DDFD6117BEE60F87837A2 ParentProcessGuid: {1C2D3F54-AF18-5C7A-0000-001092620000} ParentProcessId: 584 ParentImage: C:\Windows\System32\services.exe ParentCommandLine: C:\Windows\system32\services.exe

Parent Image Name cmd.exe
Creator Process Name[:\s]+.*\\(.*?)\s+Process Command Line:
<13>Mar 07 06:04:01 MSEDGEWIN10 AgentDevice=WindowsLog	AgentLogFile=Security	PluginVersion=7.2.8.145	Source=Microsoft-Windows-Security-Auditing	Computer=MSEDGEWIN10	OriginatingComputer=MSEDGEWIN10	User=	Domain=	EventID=4688	EventIDCode=4688	EventType=8	EventCategory=13312	RecordNumber=1805	TimeGenerated=1551967440	TimeWritten=1551967440	Level=Log Always	Keywords=Audit Success	Task=SE_ADT_DETAILEDTRACKING_PROCESSCREATION	Opcode=Info	Message=A new process has been created.  Creator Subject:  Security ID:  MSEDGEWIN10\IEUser  Account Name:  IEUser  Account Domain:  MSEDGEWIN10  Logon ID:  0x20A14  Target Subject:  Security ID:  NULL SID  Account Name:  -  Account Domain:  -  Logon ID:  0x0  Process Information:  New Process ID:  0x74c  New Process Name: C:\Windows\System32\WindowsPowerShell\v1.0\powershell.exe  Token Elevation Type: %%1938  Mandatory Label:  Mandatory Label\Medium Mandatory Level  Creator Process ID: 0xd84  Creator Process Name: C:\Windows\System32\cmd.exe  Process Command Line:   Token Elevation Type indicates the type of token that was assigned to the new process in accordance with User Account Control policy.  Type 1 is a full token with no privileges removed or groups disabled.  A full token is only used if User Account Control is disabled or if the user is the built-in Administrator account or a service account.  Type 2 is an elevated token with no privileges removed or groups disabled.  An elevated token is used when User Account Control is enabled and the user chooses to start the program using Run as administrator.  An elevated token is also used when an application is configured to always require administrative privilege or to always require maximum privilege, and the user is a member of the Administrators group.  Type 3 is a limited token with administrative privileges removed and administrative groups disabled.  The limited token is used when User Account Control is enabled, the application does not require administrative privilege, and the user does not choose to start the program using Run as administrator.


Password last set 9/22/2020 12:24:18 PM
Password Last Set[:\s]+([\d:\s\/]+(?:PM|AM))
<13>Sep 22 12:24:21 EXTERNALWEBSERVER AgentDevice=WindowsLog	AgentLogFile=Security	PluginVersion=7.2.8.145	Source=Microsoft-Windows-Security-Auditing	Computer=ExternalWebServer.microsoft.windows.test.com	OriginatingComputer=69.172.200.109	User=	Domain=	EventID=4742	EventIDCode=4742	EventType=8	EventCategory=13825	RecordNumber=325533	TimeGenerated=1600791858	TimeWritten=1600791858	Level=Log Always	Keywords=Audit Success	Task=SE_ADT_ACCOUNTMANAGEMENT_COMPUTERACCOUNT	Opcode=Info	Message=A computer account was changed.  Subject:  Security ID:  NT AUTHORITY\ANONYMOUS LOGON  Account Name:  ANONYMOUS LOGON  Account Domain:  NT AUTHORITY  Logon ID:  0x3E6  Computer Account That Was Changed:  Security ID:  MICROSOFT\EXTERNALWEBSERV$  Account Name:  EXTERNALWEBSERV$  Account Domain:  MICROSOFT  Changed Attributes:  SAM Account Name: -  Display Name:  -  User Principal Name: -  Home Directory:  -  Home Drive:  -  Script Path:  -  Profile Path:  -  User Workstations: -  Password Last Set: 9/22/2020 12:24:18 PM  Account Expires:  -  Primary Group ID: -  AllowedToDelegateTo: -  Old UAC Value:  -  New UAC Value:  -  User Account Control: -  User Parameters: -  SID History:  -  Logon Hours:  -  DNS Host Name:  -  Service Principal Names: -  Additional Information:  Privileges:  -

Pipe Name wkssvc
PipeName[\:\s]+\\+([^\\]*?)\s+Image:
<13>Mar 03 02:46:15 WIN7VM1-PC AgentDevice=WindowsLog\011AgentLogFile=Microsoft-Windows-Sysmon/Operational\011PluginVersion=7.2.8.145\011Source=Microsoft-Windows-Sysmon\011Computer=Win7VM1-PC\011OriginatingComputer=Win7VM1-PC\011User=SYSTEM\011Domain=NT AUTHORITY\011EventID=18\011EventIDCode=18\011EventType=4\011EventCategory=18\011RecordNumber=94590\011TimeGenerated=1551581171\011TimeWritten=1551581171\011Level=Informational\011Keywords=0x8000000000000000\011Task=SysmonTask-SYSMON_CONNECT_NAMEDPIPE\011Opcode=Info\011Message=Pipe Connected: RuleName:  UtcTime: 2019-03-03 02:46:11.849 ProcessGuid: {1C2D3F54-3FE7-5C7B-0000-0010E9ED2E00} ProcessId: 1740 PipeName: \wkssvc Image: C:\\Program Files\\Google\\Update\\GoogleUpdate.exe

Policy Infraweb Access
[pP]olicy '(.*?)'
sampleuser(Sample Users)[.Administrators] - Policy 'Infraweb Access' is created
sampleuser(Sample Users)[.Administrators] - Policy 'Infraweb Access' is created

Process Command Name ""C:\\Program Files\\Microsoft Monitoring Agent\\Agent\\MonitoringHost.exe"" -Embedding
Process Command Line[:\s\\=]+(.*?)\s*(?:Token Elevation Type|\t|\s\s|&&)
<13>Jan 29 16:27:08 172.18.224.42 AgentDevice=WindowsLog\011AgentLogFile=Security\011PluginVersion=7.2.8.136\011Source=Microsoft-Windows-Security-Auditing\011Computer=sv2k8x64-1.test.lab\011OriginatingComputer=172.18.224.42\011User=\011Domain=\011EventID=4688\011EventIDCode=4688\011EventType=8\011EventCategory=13312\011RecordNumber=6975030\011TimeGenerated=1548793624\011TimeWritten=1548793624\011Level=Log Always\011Keywords=Audit Success\011Task=SE_ADT_DETAILEDTRACKING_PROCESSCREATION\011Opcode=Info\011Message=A new process has been created.  Subject:  Security ID:  NT AUTHORITY\\SYSTEM  Account Name:  SSSSSSSS-1$  Account Domain:  TEST  Logon ID:  0x3e7  Process Information:  New Process ID:  0xfbc  New Process Name: C:\\Program Files\\Microsoft Monitoring Agent\\Agent\\MonitoringHost.exe  Token Elevation Type: TokenElevationTypeDefault (1)  Creator Process ID: 0x26c  Process Command Line: ""C:\\Program Files\\Microsoft Monitoring Agent\\Agent\\MonitoringHost.exe"" -Embedding  Token Elevation Type indicates the type of token that was assigned to the new process in accordance with User Account Control policy.

